<?xml version="1.0" encoding="UTF-8"?>
<testsuite xmlns:xsi="http://www.w3.org/2001/XMLSchema-instance" xsi:noNamespaceSchemaLocation="https://maven.apache.org/surefire/maven-surefire-plugin/xsd/surefire-test-report-3.0.xsd" version="3.0" name="com.example.app.AppTest" time="0.018" tests="1" errors="0" skipped="0" failures="0">
  <properties>
    <property name="java.specification.version" value="17"/>
    <property name="sun.cpu.isalist" value="amd64"/>
    <property name="sun.jnu.encoding" value="Cp1252"/>
    <property name="java.class.path" value="F:\college\Placement\Wipro\Pre-Skilling_Training\Assignment\paractice_assignment\Day-16\Day_17_Paractice_Task_1\my-app\target\test-classes;F:\college\Placement\Wipro\Pre-Skilling_Training\Assignment\paractice_assignment\Day-16\Day_17_Paractice_Task_1\my-app\target\classes;C:\Users\Arvind Singh\.m2\repository\junit\junit\3.8.1\junit-3.8.1.jar;"/>
    <property name="java.vm.vendor" value="Eclipse Adoptium"/>
    <property name="sun.arch.data.model" value="64"/>
    <property name="user.variant" value=""/>
    <property name="java.vendor.url" value="https://adoptium.net/"/>
    <property name="user.timezone" value="Asia/Calcutta"/>
    <property name="os.name" value="Windows 11"/>
    <property name="java.vm.specification.version" value="17"/>
    <property name="sun.java.launcher" value="SUN_STANDARD"/>
    <property name="user.country" value="IN"/>
    <property name="sun.boot.library.path" value="C:\Users\Arvind Singh\AppData\Local\Programs\Eclipse Adoptium\jdk-17.0.11.9-hotspot\bin"/>
    <property name="sun.java.command" value="C:\Users\Arvind Singh\AppData\Local\Temp\surefire2326784185250160885\surefirebooter-20250810150304515_3.jar C:\Users\Arvind Singh\AppData\Local\Temp\surefire2326784185250160885 2025-08-10T15-03-04_378-jvmRun1 surefire-20250810150304515_1tmp surefire_0-20250810150304515_2tmp"/>
    <property name="jdk.debug" value="release"/>
    <property name="surefire.test.class.path" value="F:\college\Placement\Wipro\Pre-Skilling_Training\Assignment\paractice_assignment\Day-16\Day_17_Paractice_Task_1\my-app\target\test-classes;F:\college\Placement\Wipro\Pre-Skilling_Training\Assignment\paractice_assignment\Day-16\Day_17_Paractice_Task_1\my-app\target\classes;C:\Users\Arvind Singh\.m2\repository\junit\junit\3.8.1\junit-3.8.1.jar;"/>
    <property name="sun.cpu.endian" value="little"/>
    <property name="user.home" value="C:\Users\Arvind Singh"/>
    <property name="user.language" value="en"/>
    <property name="java.specification.vendor" value="Oracle Corporation"/>
    <property name="java.version.date" value="2024-04-16"/>
    <property name="java.home" value="C:\Users\Arvind Singh\AppData\Local\Programs\Eclipse Adoptium\jdk-17.0.11.9-hotspot"/>
    <property name="file.separator" value="\"/>
    <property name="basedir" value="F:\college\Placement\Wipro\Pre-Skilling_Training\Assignment\paractice_assignment\Day-16\Day_17_Paractice_Task_1\my-app"/>
    <property name="java.vm.compressedOopsMode" value="32-bit"/>
    <property name="line.separator" value="&#10;"/>
    <property name="java.vm.specification.vendor" value="Oracle Corporation"/>
    <property name="java.specification.name" value="Java Platform API Specification"/>
    <property name="surefire.real.class.path" value="C:\Users\Arvind Singh\AppData\Local\Temp\surefire2326784185250160885\surefirebooter-20250810150304515_3.jar"/>
    <property name="user.script" value=""/>
    <property name="sun.management.compiler" value="HotSpot 64-Bit Tiered Compilers"/>
    <property name="java.runtime.version" value="17.0.11+9"/>
    <property name="user.name" value="Arvind Singh"/>
    <property name="path.separator" value=";"/>
    <property name="os.version" value="10.0"/>
    <property name="java.runtime.name" value="OpenJDK Runtime Environment"/>
    <property name="file.encoding" value="Cp1252"/>
    <property name="java.vm.name" value="OpenJDK 64-Bit Server VM"/>
    <property name="java.vendor.version" value="Temurin-17.0.11+9"/>
    <property name="localRepository" value="C:\Users\Arvind Singh\.m2\repository"/>
    <property name="java.vendor.url.bug" value="https://github.com/adoptium/adoptium-support/issues"/>
    <property name="java.io.tmpdir" value="C:\Users\ARVIND~1\AppData\Local\Temp\"/>
    <property name="java.version" value="17.0.11"/>
    <property name="user.dir" value="F:\college\Placement\Wipro\Pre-Skilling_Training\Assignment\paractice_assignment\Day-16\Day_17_Paractice_Task_1\my-app"/>
    <property name="os.arch" value="amd64"/>
    <property name="java.vm.specification.name" value="Java Virtual Machine Specification"/>
    <property name="sun.os.patch.level" value=""/>
    <property name="native.encoding" value="Cp1252"/>
    <property name="java.library.path" value="C:\Users\Arvind Singh\AppData\Local\Programs\Eclipse Adoptium\jdk-17.0.11.9-hotspot\bin;C:\windows\Sun\Java\bin;C:\windows\system32;C:\windows;F:\oracle\product\10.2.0\db_2\bin;F:\oracle\product\10.2.0\db_1\bin;C:\app\Arvind\product\21c\dbhomeXE\bin;C:\app\ArvindSingh\product\21c\dbhomeXE\bin;C:\Program Files\Python311\Scripts\;C:\Program Files\Python311\;C:\windows\system32;C:\windows;C:\windows\System32\Wbem;C:\windows\System32\WindowsPowerShell\v1.0\;C:\windows\System32\OpenSSH\;C:\MinGW\bin;C:\Program Files\Git\cmd;C:\Program Files\HP\HP One Agent;C:\Program Files\nodejs\;C:\Program Files\Java\jdk1.8.0_202\bin;C:\Program Files\Java\jre1.8.0_202\bin;C:\Program Files\Docker\Docker\resources\bin;C:\Program Files\Java\jdk-17\bin;C:\Program Files\Java\jdk-21\bin;C:\Apache\Maven\apache-maven-3.9.11-bin\apache-maven-3.9.11\bin;C:\Program Files\sonar-scanner-7.1.0.4889-windows-x64\bin;C:\Users\Arvind Singh\AppData\Local\Programs\Eclipse Adoptium\jdk-17.0.11.9-hotspot\\bin;C:\Users\Arvind Singh\.console-ninja\.bin;C:\Program Files\MySQL\MySQL Shell 8.0\bin\;C:\Users\Arvind Singh\AppData\Local\Programs\Eclipse Adoptium\jdk-17.0.11.9-hotspot\bin;C:\Users\Arvind Singh\AppData\Local\Microsoft\WindowsApps;C:\Users\Arvind Singh\AppData\Local\GitHubDesktop\bin;C:\Program Files\Python311\Scripts;C:\Program Files\Python311;C:\Users\Arvind Singh\AppData\Local\Programs\Microsoft VS Code\bin;C:\Users\Arvind Singh\AppData\Local\Microsoft\WinGet\Packages\Schniz.fnm_Microsoft.Winget.Source_8wekyb3d8bbwe;C:\Users\Arvind Singh\AppData\Roaming\npm;C:\Apache\Maven\apache-maven-3.9.11-bin\apache-maven-3.9.11\bin;C:\Program Files\sonar-scanner-7.1.0.4889-windows-x64\bin;;."/>
    <property name="java.vm.info" value="mixed mode, sharing"/>
    <property name="java.vendor" value="Eclipse Adoptium"/>
    <property name="java.vm.version" value="17.0.11+9"/>
    <property name="sun.io.unicode.encoding" value="UnicodeLittle"/>
    <property name="java.class.version" value="61.0"/>
  </properties>
  <testcase name="testApp" classname="com.example.app.AppTest" time="0.001"/>
</testsuite>